<?xml version="1.0" encoding="UTF-8"?>
<!-- Generated by org.testng.reporters.JUnitXMLReporter -->
<testsuite hostname="Admin-PC" name="NKTest" tests="17" failures="0" timestamp="14 Aug 2015 17:52:14 GMT" time="28.368" errors="0">
  <testcase name="@BeforeClass setUp" time="0.0" classname="com.nk.tests.SearchPageTest">
    <failure type="org.openqa.selenium.remote.UnreachableBrowserException" message="Error communicating with the remote browser. It may have died.
Build info: version: &amp;apos;2.47.1&amp;apos;, revision: &amp;apos;unknown&amp;apos;, time: &amp;apos;2015-07-30 11:02:44&amp;apos;
System info: host: &amp;apos;Admin-PC&amp;apos;, ip: &amp;apos;100.74.87.131&amp;apos;, os.name: &amp;apos;Windows 7&amp;apos;, os.arch: &amp;apos;x86&amp;apos;, os.version: &amp;apos;6.1&amp;apos;, java.version: &amp;apos;1.8.0_20&amp;apos;
Driver info: driver.version: RemoteWebDriver">
      <![CDATA[org.openqa.selenium.remote.UnreachableBrowserException: Error communicating with the remote browser. It may have died.
Build info: version: '2.47.1', revision: 'unknown', time: '2015-07-30 11:02:44'
System info: host: 'Admin-PC', ip: '100.74.87.131', os.name: 'Windows 7', os.arch: 'x86', os.version: '6.1', java.version: '1.8.0_20'
Driver info: driver.version: RemoteWebDriver
	at org.openqa.selenium.remote.RemoteWebDriver.execute(RemoteWebDriver.java:589)
	at org.openqa.selenium.remote.RemoteWebDriver.get(RemoteWebDriver.java:306)
	at com.nk.tests.SearchPageTest.setUp(SearchPageTest.java:30)
Caused by: org.apache.http.conn.HttpHostConnectException: Connect to 127.0.0.1:7055 [/127.0.0.1] failed: Connection refused: connect
	at org.apache.http.impl.conn.DefaultHttpClientConnectionOperator.connect(DefaultHttpClientConnectionOperator.java:151)
	at org.apache.http.impl.conn.PoolingHttpClientConnectionManager.connect(PoolingHttpClientConnectionManager.java:353)
	at org.apache.http.impl.execchain.MainClientExec.establishRoute(MainClientExec.java:380)
	at org.apache.http.impl.execchain.MainClientExec.execute(MainClientExec.java:236)
	at org.apache.http.impl.execchain.ProtocolExec.execute(ProtocolExec.java:184)
	at org.apache.http.impl.execchain.RetryExec.execute(RetryExec.java:88)
	at org.apache.http.impl.execchain.RedirectExec.execute(RedirectExec.java:110)
	at org.apache.http.impl.client.InternalHttpClient.doExecute(InternalHttpClient.java:184)
	at org.apache.http.impl.client.CloseableHttpClient.execute(CloseableHttpClient.java:71)
	at org.apache.http.impl.client.CloseableHttpClient.execute(CloseableHttpClient.java:55)
	at org.openqa.selenium.remote.internal.ApacheHttpClient.fallBackExecute(ApacheHttpClient.java:161)
	at org.openqa.selenium.remote.internal.ApacheHttpClient.execute(ApacheHttpClient.java:89)
	at org.openqa.selenium.remote.HttpCommandExecutor.execute(HttpCommandExecutor.java:134)
	at org.openqa.selenium.firefox.internal.NewProfileExtensionConnection.execute(NewProfileExtensionConnection.java:170)
	at org.openqa.selenium.firefox.FirefoxDriver$LazyCommandExecutor.execute(FirefoxDriver.java:393)
	at org.openqa.selenium.remote.RemoteWebDriver.execute(RemoteWebDriver.java:568)
	... 26 more
Caused by: java.net.ConnectException: Connection refused: connect
	at java.net.DualStackPlainSocketImpl.waitForConnect(Native Method)
	at java.net.DualStackPlainSocketImpl.socketConnect(DualStackPlainSocketImpl.java:85)
	at java.net.AbstractPlainSocketImpl.doConnect(AbstractPlainSocketImpl.java:345)
	at java.net.AbstractPlainSocketImpl.connectToAddress(AbstractPlainSocketImpl.java:206)
	at java.net.AbstractPlainSocketImpl.connect(AbstractPlainSocketImpl.java:188)
	at java.net.PlainSocketImpl.connect(PlainSocketImpl.java:172)
	at java.net.SocksSocketImpl.connect(SocksSocketImpl.java:392)
	at java.net.Socket.connect(Socket.java:589)
	at org.apache.http.conn.socket.PlainConnectionSocketFactory.connectSocket(PlainConnectionSocketFactory.java:74)
	at org.apache.http.impl.conn.DefaultHttpClientConnectionOperator.connect(DefaultHttpClientConnectionOperator.java:134)
	... 41 more
... Removed 24 stack frames]]>
    </failure>
  </testcase> <!-- @BeforeClass setUp -->
  <testcase name="@AfterClass tearDown" time="0.0" classname="com.nk.tests.SearchPageTest">
    <skipped/>
  </testcase> <!-- @AfterClass tearDown -->
  <testcase name="verifySearchSection" time="0.001" classname="com.nk.tests.SearchPageTest">
    <skipped/>
  </testcase> <!-- verifySearchSection -->
  <testcase name="verifySearchByLocationField" time="0.0" classname="com.nk.tests.SearchPageTest">
    <skipped/>
  </testcase> <!-- verifySearchByLocationField -->
  <testcase name="verifySearchByExperienceField" time="0.001" classname="com.nk.tests.SearchPageTest">
    <skipped/>
  </testcase> <!-- verifySearchByExperienceField -->
  <testcase name="verifySearchBySkill" time="0.001" classname="com.nk.tests.SearchPageTest">
    <skipped/>
  </testcase> <!-- verifySearchBySkill -->
  <testcase name="verifySearchResultsPage" time="0.002" classname="com.nk.tests.SearchPageTest">
    <skipped/>
  </testcase> <!-- verifySearchResultsPage -->
  <testcase name="verifyRefineResultsSection" time="0.001" classname="com.nk.tests.SearchPageTest">
    <skipped/>
  </testcase> <!-- verifyRefineResultsSection -->
  <testcase name="verifySearchListingViewResults" time="0.0" classname="com.nk.tests.SearchPageTest">
    <skipped/>
  </testcase> <!-- verifySearchListingViewResults -->
  <testcase name="verifySearchDetailedViewResults" time="0.001" classname="com.nk.tests.SearchPageTest">
    <skipped/>
  </testcase> <!-- verifySearchDetailedViewResults -->
  <testcase name="verifySearchResultsSection" time="0.002" classname="com.nk.tests.SearchPageTest">
    <skipped/>
  </testcase> <!-- verifySearchResultsSection -->
  <testcase name="verifyRefineByFreshness" time="0.001" classname="com.nk.tests.SearchPageTest">
    <skipped/>
  </testcase> <!-- verifyRefineByFreshness -->
  <testcase name="verifySearchByLocationSection" time="0.001" classname="com.nk.tests.SearchPageTest">
    <skipped/>
  </testcase> <!-- verifySearchByLocationSection -->
  <testcase name="verifyRefineByLocationPopUp" time="0.005" classname="com.nk.tests.SearchPageTest">
    <skipped/>
  </testcase> <!-- verifyRefineByLocationPopUp -->
  <testcase name="verifyRefineByIndustryType" time="0.001" classname="com.nk.tests.SearchPageTest">
    <skipped/>
  </testcase> <!-- verifyRefineByIndustryType -->
  <testcase name="verifyRefineByIndustryPopUp" time="0.001" classname="com.nk.tests.SearchPageTest">
    <skipped/>
  </testcase> <!-- verifyRefineByIndustryPopUp -->
  <testcase name="verifyRefineByEducation" time="0.001" classname="com.nk.tests.SearchPageTest">
    <skipped/>
  </testcase> <!-- verifyRefineByEducation -->
  <testcase name="verifyRefineByEducationPopUp" time="0.001" classname="com.nk.tests.SearchPageTest">
    <skipped/>
  </testcase> <!-- verifyRefineByEducationPopUp -->
  <testcase name="verifyRefineByJobTypeSection" time="0.001" classname="com.nk.tests.SearchPageTest">
    <skipped/>
  </testcase> <!-- verifyRefineByJobTypeSection -->
</testsuite> <!-- NKTest -->
