<?xml version="1.0" encoding="UTF-8"?>
<!-- Generated by org.testng.reporters.JUnitXMLReporter -->
<testsuite hostname="salmans" name="Default test" tests="6" failures="0" timestamp="17 Mar 2016 09:29:10 GMT" time="0.033" errors="0">
  <testcase name="@BeforeClass setup" time="0.0" classname="com.nk.tests.HomePageTest">
    <failure type="org.testng.TestNGException" message="
Parameter &amp;apos;browserType&amp;apos; is required by @Configuration on method setup but has not been marked @Optional or defined
in C:\Users\salmans\AppData\Local\Temp\testng-eclipse-1546218296\testng-customsuite.xml">
      <![CDATA[org.testng.TestNGException: 
Parameter 'browserType' is required by @Configuration on method setup but has not been marked @Optional or defined
in C:\Users\salmans\AppData\Local\Temp\testng-eclipse-1546218296\testng-customsuite.xml
	at org.testng.internal.Parameters.createParameters(Parameters.java:165)
	at org.testng.internal.Parameters.createParameters(Parameters.java:372)
	at org.testng.internal.Parameters.createConfigurationParameters(Parameters.java:90)
	at org.testng.internal.Invoker.invokeConfigurations(Invoker.java:199)
	at org.testng.internal.Invoker.invokeConfigurations(Invoker.java:140)
	at org.testng.internal.TestMethodWorker.invokeBeforeClassMethods(TestMethodWorker.java:170)
	at org.testng.internal.TestMethodWorker.run(TestMethodWorker.java:104)
	at org.testng.TestRunner.privateRun(TestRunner.java:771)
	at org.testng.TestRunner.run(TestRunner.java:621)
	at org.testng.SuiteRunner.runTest(SuiteRunner.java:357)
	at org.testng.SuiteRunner.runSequentially(SuiteRunner.java:352)
	at org.testng.SuiteRunner.privateRun(SuiteRunner.java:310)
	at org.testng.SuiteRunner.run(SuiteRunner.java:259)
	at org.testng.SuiteRunnerWorker.runSuite(SuiteRunnerWorker.java:52)
	at org.testng.SuiteRunnerWorker.run(SuiteRunnerWorker.java:86)
	at org.testng.TestNG.runSuitesSequentially(TestNG.java:1199)
	at org.testng.TestNG.runSuitesLocally(TestNG.java:1124)
	at org.testng.TestNG.run(TestNG.java:1032)
	at org.testng.remote.RemoteTestNG.run(RemoteTestNG.java:111)
	at org.testng.remote.RemoteTestNG.initAndRun(RemoteTestNG.java:204)
	at org.testng.remote.RemoteTestNG.main(RemoteTestNG.java:175)
]]>
    </failure>
  </testcase> <!-- @BeforeClass setup -->
  <testcase name="@AfterClass tearDown" time="0.0" classname="com.nk.tests.HomePageTest">
    <skipped/>
  </testcase> <!-- @AfterClass tearDown -->
  <testcase name="clickOnSiteLogoAndCheckThePageTitle" time="0.008" classname="com.nk.tests.HomePageTest">
    <skipped/>
  </testcase> <!-- clickOnSiteLogoAndCheckThePageTitle -->
  <testcase name="clickOnNaukriFastForwardLink" time="0.001" classname="com.nk.tests.HomePageTest">
    <skipped/>
  </testcase> <!-- clickOnNaukriFastForwardLink -->
  <testcase name="clickOnEmployerZone" time="0.001" classname="com.nk.tests.HomePageTest">
    <skipped/>
  </testcase> <!-- clickOnEmployerZone -->
  <testcase name="clickOnBuyonlineLinks" time="0.0" classname="com.nk.tests.HomePageTest">
    <skipped/>
  </testcase> <!-- clickOnBuyonlineLinks -->
  <testcase name="clickOnPostYourCV" time="0.0" classname="com.nk.tests.HomePageTest">
    <skipped/>
  </testcase> <!-- clickOnPostYourCV -->
  <testcase name="clickOnCreateJobAlert" time="0.0" classname="com.nk.tests.HomePageTest">
    <skipped/>
  </testcase> <!-- clickOnCreateJobAlert -->
</testsuite> <!-- Default test -->
