<?xml version="1.0" encoding="UTF-8"?>
<!-- Generated by org.testng.reporters.JUnitXMLReporter -->
<testsuite hostname="salmans" name="sample test" tests="7" failures="5" timestamp="31 Mar 2016 05:53:01 GMT" time="260.696" errors="0">
  <testcase name="popUpClose" time="0.692" classname="com.nk.tests.HomePageTest"/>
  <testcase name="clickOnSiteLogoAndCheckThePageTitle" time="108.601" classname="com.nk.tests.HomePageTest"/>
  <testcase name="clickOnNaukriFastForwardLink" time="107.155" classname="com.nk.tests.HomePageTest">
    <failure type="java.lang.Exception" message="FAILED CLICK ON FAST AND FORWARD 
 clickOnCreateJobAlertnull">
      <![CDATA[java.lang.Exception: FAILED CLICK ON FAST AND FORWARD 
 clickOnCreateJobAlertnull
	at com.nk.tests.HomePageTest.clickOnNaukriFastForwardLink(HomePageTest.java:227)
... Removed 24 stack frames]]>
    </failure>
  </testcase> <!-- clickOnNaukriFastForwardLink -->
  <testcase name="clickOnEmployerZone" time="0.02" classname="com.nk.tests.HomePageTest">
    <failure type="java.lang.AssertionError" message="Home Page title is not matching or displayed as expected expected [Jobs - Recruitment - Job Search - Employment - Job Vacancies - Naukri.com] but found [Resume Writing Services - CV - Bio data - Naukri.com]">
      <![CDATA[java.lang.AssertionError: Home Page title is not matching or displayed as expected expected [Jobs - Recruitment - Job Search - Employment - Job Vacancies - Naukri.com] but found [Resume Writing Services - CV - Bio data - Naukri.com]
	at com.nk.pages.HomePage.verifyHomePageTitle(HomePage.java:141)
	at com.nk.tests.HomePageTest.clickOnEmployerZone(HomePageTest.java:92)
... Removed 28 stack frames]]>
    </failure>
  </testcase> <!-- clickOnEmployerZone -->
  <testcase name="clickOnBuyonlineLinks" time="10.18" classname="com.nk.tests.HomePageTest">
    <failure type="java.lang.AssertionError" message="Buy online object is Missing expected [true] but found [false]">
      <![CDATA[java.lang.AssertionError: Buy online object is Missing expected [true] but found [false]
	at com.nk.tests.HomePageTest.clickOnBuyonlineLinks(HomePageTest.java:119)
... Removed 27 stack frames]]>
    </failure>
  </testcase> <!-- clickOnBuyonlineLinks -->
  <testcase name="clickOnPostYourCV" time="10.079" classname="com.nk.tests.HomePageTest">
    <failure type="java.lang.AssertionError" message="I agree Terms and condition Links are Missing expected [true] but found [false]">
      <![CDATA[java.lang.AssertionError: I agree Terms and condition Links are Missing expected [true] but found [false]
	at com.nk.pages.HomePage.verifyIagreeTermsAndConditionsPara(HomePage.java:824)
	at com.nk.tests.HomePageTest.clickOnPostYourCV(HomePageTest.java:155)
... Removed 27 stack frames]]>
    </failure>
  </testcase> <!-- clickOnPostYourCV -->
  <testcase name="clickOnCreateJobAlert" time="10.053" classname="com.nk.tests.HomePageTest">
    <failure type="java.lang.AssertionError" message="Get Matched Jobs Email id object is Missing expected [true] but found [false]">
      <![CDATA[java.lang.AssertionError: Get Matched Jobs Email id object is Missing expected [true] but found [false]
	at com.nk.pages.HomePage.verifyGetMatchedJobsPara(HomePage.java:935)
	at com.nk.tests.HomePageTest.clickOnCreateJobAlert(HomePageTest.java:191)
... Removed 27 stack frames]]>
    </failure>
  </testcase> <!-- clickOnCreateJobAlert -->
</testsuite> <!-- sample test -->
