<?xml version="1.0" encoding="UTF-8"?>
<!-- Generated by org.testng.reporters.JUnitXMLReporter -->
<testsuite hostname="salmans" name="smoke test" tests="28" failures="4" timestamp="5 May 2016 08:09:10 GMT" time="722.621" errors="0">
  <testcase name="popUpClose" time="2.212" classname="com.nk.tests.RegisterPageTest"/>
  <testcase name="verifyRegistrationPage" time="15.375" classname="com.nk.tests.RegisterPageTest"/>
  <testcase name="verifyCreateLoginDetails" time="47.9" classname="com.nk.tests.RegisterPageTest"/>
  <testcase name="verifyYourContactInformation" time="19.574" classname="com.nk.tests.RegisterPageTest"/>
  <testcase name="verifyYourCurrentEmploymentDetails" time="47.0" classname="com.nk.tests.RegisterPageTest"/>
  <testcase name="verifyCompleteMyProfilePage" time="6.845" classname="com.nk.tests.RegisterPageTest"/>
  <testcase name="verifyEducationDetails" time="35.241" classname="com.nk.tests.RegisterPageTest"/>
  <testcase name="verifyCompleteMyProfile" time="9.049" classname="com.nk.tests.RegisterPageTest"/>
  <testcase name="verifyCreateYourJobAlert" time="27.052" classname="com.nk.tests.RegisterPageTest"/>
  <testcase name="popUpClose" time="1.763" classname="com.nk.tests.SearchPageTest"/>
  <testcase name="verifySearchSection" time="1.534" classname="com.nk.tests.SearchPageTest"/>
  <testcase name="verifySearchByLocationField" time="25.812" classname="com.nk.tests.SearchPageTest"/>
  <testcase name="verifySearchByExperienceField" time="30.959" classname="com.nk.tests.SearchPageTest"/>
  <testcase name="verifySearchBySkill" time="8.463" classname="com.nk.tests.SearchPageTest"/>
  <testcase name="verifySearchResultsPage" time="7.852" classname="com.nk.tests.SearchPageTest"/>
  <testcase name="verifyRefineResultsSection" time="3.234" classname="com.nk.tests.SearchPageTest"/>
  <testcase name="verifySearchListingViewResults" time="73.131" classname="com.nk.tests.SearchPageTest"/>
  <testcase name="verifySearchDetailedViewResults" time="97.421" classname="com.nk.tests.SearchPageTest"/>
  <testcase name="verifySearchResultsSection" time="3.287" classname="com.nk.tests.SearchPageTest"/>
  <testcase name="verifyRefineByFreshness" time="23.811" classname="com.nk.tests.SearchPageTest"/>
  <testcase name="verifySearchByLocationSection" time="22.867" classname="com.nk.tests.SearchPageTest"/>
  <testcase name="verifyRefineByLocationPopUp" time="51.848" classname="com.nk.tests.SearchPageTest"/>
  <testcase name="verifyRefineByIndustryType" time="34.3" classname="com.nk.tests.SearchPageTest">
    <failure type="org.openqa.selenium.NoSuchElementException" message="Unable to locate element: {&amp;quot;method&amp;quot;:&amp;quot;xpath&amp;quot;,&amp;quot;selector&amp;quot;:&amp;quot;//div[@class=&amp;apos;jDisc mt20&amp;apos;]/p[2]//a[1]&amp;quot;}
For documentation on this error, please visit: http://seleniumhq.org/exceptions/no_such_element.html
Build info: version: &amp;apos;2.48.2&amp;apos;, revision: &amp;apos;41bccdd&amp;apos;, time: &amp;apos;2015-10-09 19:59:12&amp;apos;
System info: host: &amp;apos;185-129-69-163&amp;apos;, ip: &amp;apos;185.129.69.163&amp;apos;, os.name: &amp;apos;windows&amp;apos;, os.arch: &amp;apos;x86&amp;apos;, os.version: &amp;apos;6.1&amp;apos;, java.version: &amp;apos;1.8.0_65&amp;apos;
Driver info: driver.version: unknown
Command duration or timeout: 11.35 seconds
For documentation on this error, please visit: http://seleniumhq.org/exceptions/no_such_element.html
Build info: version: &amp;apos;2.48.2&amp;apos;, revision: &amp;apos;41bccdd10cf2c0560f637404c2d96164b67d9d67&amp;apos;, time: &amp;apos;2015-10-09 13:08:06&amp;apos;
System info: host: &amp;apos;salmans&amp;apos;, ip: &amp;apos;172.27.139.176&amp;apos;, os.name: &amp;apos;Windows 8.1&amp;apos;, os.arch: &amp;apos;amd64&amp;apos;, os.version: &amp;apos;6.3&amp;apos;, java.version: &amp;apos;1.8.0_65&amp;apos;
Driver info: org.openqa.selenium.remote.RemoteWebDriver
Capabilities [{applicationCacheEnabled=false, rotatable=false, handlesAlerts=true, databaseEnabled=true, version=44.0, platform=WINDOWS, nativeEvents=false, acceptSslCerts=false, webdriver.remote.sessionid=6707d73c2ade88ed14d82d09c74c9f2dd971b1b8, webStorageEnabled=true, locationContextEnabled=true, browserName=firefox, takesScreenshot=true, javascriptEnabled=true, cssSelectorsEnabled=true}]
Session ID: 6707d73c2ade88ed14d82d09c74c9f2dd971b1b8
*** Element info: {Using=xpath, value=//div[@class=&amp;apos;jDisc mt20&amp;apos;]/p[2]//a[1]}">
      <![CDATA[org.openqa.selenium.NoSuchElementException: Unable to locate element: {"method":"xpath","selector":"//div[@class='jDisc mt20']/p[2]//a[1]"}
For documentation on this error, please visit: http://seleniumhq.org/exceptions/no_such_element.html
Build info: version: '2.48.2', revision: '41bccdd', time: '2015-10-09 19:59:12'
System info: host: '185-129-69-163', ip: '185.129.69.163', os.name: 'windows', os.arch: 'x86', os.version: '6.1', java.version: '1.8.0_65'
Driver info: driver.version: unknown
Command duration or timeout: 11.35 seconds
For documentation on this error, please visit: http://seleniumhq.org/exceptions/no_such_element.html
Build info: version: '2.48.2', revision: '41bccdd10cf2c0560f637404c2d96164b67d9d67', time: '2015-10-09 13:08:06'
System info: host: 'salmans', ip: '172.27.139.176', os.name: 'Windows 8.1', os.arch: 'amd64', os.version: '6.3', java.version: '1.8.0_65'
Driver info: org.openqa.selenium.remote.RemoteWebDriver
Capabilities [{applicationCacheEnabled=false, rotatable=false, handlesAlerts=true, databaseEnabled=true, version=44.0, platform=WINDOWS, nativeEvents=false, acceptSslCerts=false, webdriver.remote.sessionid=6707d73c2ade88ed14d82d09c74c9f2dd971b1b8, webStorageEnabled=true, locationContextEnabled=true, browserName=firefox, takesScreenshot=true, javascriptEnabled=true, cssSelectorsEnabled=true}]
Session ID: 6707d73c2ade88ed14d82d09c74c9f2dd971b1b8
*** Element info: {Using=xpath, value=//div[@class='jDisc mt20']/p[2]//a[1]}
	at org.openqa.selenium.remote.ErrorHandler.createThrowable(ErrorHandler.java:206)
	at org.openqa.selenium.remote.ErrorHandler.throwIfResponseFailed(ErrorHandler.java:158)
	at org.openqa.selenium.remote.RemoteWebDriver.execute(RemoteWebDriver.java:647)
	at org.openqa.selenium.remote.RemoteWebDriver.findElement(RemoteWebDriver.java:353)
	at org.openqa.selenium.remote.RemoteWebDriver.findElementByXPath(RemoteWebDriver.java:490)
	at org.openqa.selenium.By$ByXPath.findElement(By.java:361)
	at org.openqa.selenium.remote.RemoteWebDriver.findElement(RemoteWebDriver.java:345)
	at com.nk.util.BasePageObject.getText(BasePageObject.java:78)
	at com.nk.pages.JobListingsPage.verifyIndustryType(JobListingsPage.java:90)
	at com.nk.tests.SearchPageTest.verifyRefineByIndustryType(SearchPageTest.java:101)
Caused by: org.openqa.selenium.remote.ScreenshotException: Screen shot has been taken
Build info: version: '2.48.2', revision: '41bccdd10cf2c0560f637404c2d96164b67d9d67', time: '2015-10-09 13:08:06'
System info: host: 'salmans', ip: '172.27.139.176', os.name: 'Windows 8.1', os.arch: 'amd64', os.version: '6.3', java.version: '1.8.0_65'
Driver info: driver.version: RemoteWebDriver
	at org.openqa.selenium.remote.ErrorHandler.throwIfResponseFailed(ErrorHandler.java:138)
	... 32 more
Caused by: org.openqa.selenium.NoSuchElementException: Unable to locate element: {"method":"xpath","selector":"//div[@class='jDisc mt20']/p[2]//a[1]"}
For documentation on this error, please visit: http://seleniumhq.org/exceptions/no_such_element.html
Build info: version: '2.48.2', revision: '41bccdd', time: '2015-10-09 19:59:12'
System info: host: '185-129-69-163', ip: '185.129.69.163', os.name: 'windows', os.arch: 'x86', os.version: '6.1', java.version: '1.8.0_65'
Driver info: driver.version: unknown
For documentation on this error, please visit: http://seleniumhq.org/exceptions/no_such_element.html
Build info: version: '2.48.2', revision: '41bccdd10cf2c0560f637404c2d96164b67d9d67', time: '2015-10-09 13:08:06'
System info: host: 'salmans', ip: '172.27.139.176', os.name: 'Windows 8.1', os.arch: 'amd64', os.version: '6.3', java.version: '1.8.0_65'
Driver info: driver.version: unknown
	at <anonymous class>.FirefoxDriver.prototype.findElementInternal_(file:///C:/Windows/proxy/anonymous4723888856888030983webdriver-profile/extensions/fxdriver@googlecode.com/components/driver-component.js:10659)
	at <anonymous class>.fxdriver.Timer.prototype.setTimeout/<.notify(file:///C:/Windows/proxy/anonymous4723888856888030983webdriver-profile/extensions/fxdriver@googlecode.com/components/driver-component.js:621)
... Removed 28 stack frames]]>
    </failure>
  </testcase> <!-- verifyRefineByIndustryType -->
  <testcase name="verifyRefineByIndustryPopUp" time="11.337" classname="com.nk.tests.SearchPageTest">
    <failure type="java.lang.AssertionError" message="Industry Section is not displayed expected [true] but found [false]">
      <![CDATA[java.lang.AssertionError: Industry Section is not displayed expected [true] but found [false]
	at com.nk.pages.SearchResultPage.verifyIndustrySection(SearchResultPage.java:370)
	at com.nk.pages.SearchResultPage.clickOnIndustry(SearchResultPage.java:1470)
	at com.nk.tests.SearchPageTest.verifyRefineByIndustryPopUp(SearchPageTest.java:112)
... Removed 27 stack frames]]>
    </failure>
  </testcase> <!-- verifyRefineByIndustryPopUp -->
  <testcase name="verifyRefineByEducation" time="24.555" classname="com.nk.tests.SearchPageTest">
    <failure type="java.lang.Exception" message="FAILED WHILE CLICKING ON EDUCATION:::
 clickOnEducation()Unable to locate element: {&amp;quot;method&amp;quot;:&amp;quot;xpath&amp;quot;,&amp;quot;selector&amp;quot;:&amp;quot;//h3[contains(.,&amp;apos;Education&amp;apos;)]&amp;quot;}
For documentation on this error, please visit: http://seleniumhq.org/exceptions/no_such_element.html
Build info: version: &amp;apos;2.48.2&amp;apos;, revision: &amp;apos;41bccdd&amp;apos;, time: &amp;apos;2015-10-09 19:59:12&amp;apos;
System info: host: &amp;apos;185-129-69-163&amp;apos;, ip: &amp;apos;185.129.69.163&amp;apos;, os.name: &amp;apos;windows&amp;apos;, os.arch: &amp;apos;x86&amp;apos;, os.version: &amp;apos;6.1&amp;apos;, java.version: &amp;apos;1.8.0_65&amp;apos;
Driver info: driver.version: unknown
Command duration or timeout: 11.29 seconds
For documentation on this error, please visit: http://seleniumhq.org/exceptions/no_such_element.html
Build info: version: &amp;apos;2.48.2&amp;apos;, revision: &amp;apos;41bccdd10cf2c0560f637404c2d96164b67d9d67&amp;apos;, time: &amp;apos;2015-10-09 13:08:06&amp;apos;
System info: host: &amp;apos;salmans&amp;apos;, ip: &amp;apos;172.27.139.176&amp;apos;, os.name: &amp;apos;Windows 8.1&amp;apos;, os.arch: &amp;apos;amd64&amp;apos;, os.version: &amp;apos;6.3&amp;apos;, java.version: &amp;apos;1.8.0_65&amp;apos;
Driver info: org.openqa.selenium.remote.RemoteWebDriver
Capabilities [{applicationCacheEnabled=false, rotatable=false, handlesAlerts=true, databaseEnabled=true, version=44.0, platform=WINDOWS, nativeEvents=false, acceptSslCerts=false, webdriver.remote.sessionid=6707d73c2ade88ed14d82d09c74c9f2dd971b1b8, webStorageEnabled=true, locationContextEnabled=true, browserName=firefox, takesScreenshot=true, javascriptEnabled=true, cssSelectorsEnabled=true}]
Session ID: 6707d73c2ade88ed14d82d09c74c9f2dd971b1b8
*** Element info: {Using=xpath, value=//h3[contains(.,&amp;apos;Education&amp;apos;)]}">
      <![CDATA[java.lang.Exception: FAILED WHILE CLICKING ON EDUCATION:::
 clickOnEducation()Unable to locate element: {"method":"xpath","selector":"//h3[contains(.,'Education')]"}
For documentation on this error, please visit: http://seleniumhq.org/exceptions/no_such_element.html
Build info: version: '2.48.2', revision: '41bccdd', time: '2015-10-09 19:59:12'
System info: host: '185-129-69-163', ip: '185.129.69.163', os.name: 'windows', os.arch: 'x86', os.version: '6.1', java.version: '1.8.0_65'
Driver info: driver.version: unknown
Command duration or timeout: 11.29 seconds
For documentation on this error, please visit: http://seleniumhq.org/exceptions/no_such_element.html
Build info: version: '2.48.2', revision: '41bccdd10cf2c0560f637404c2d96164b67d9d67', time: '2015-10-09 13:08:06'
System info: host: 'salmans', ip: '172.27.139.176', os.name: 'Windows 8.1', os.arch: 'amd64', os.version: '6.3', java.version: '1.8.0_65'
Driver info: org.openqa.selenium.remote.RemoteWebDriver
Capabilities [{applicationCacheEnabled=false, rotatable=false, handlesAlerts=true, databaseEnabled=true, version=44.0, platform=WINDOWS, nativeEvents=false, acceptSslCerts=false, webdriver.remote.sessionid=6707d73c2ade88ed14d82d09c74c9f2dd971b1b8, webStorageEnabled=true, locationContextEnabled=true, browserName=firefox, takesScreenshot=true, javascriptEnabled=true, cssSelectorsEnabled=true}]
Session ID: 6707d73c2ade88ed14d82d09c74c9f2dd971b1b8
*** Element info: {Using=xpath, value=//h3[contains(.,'Education')]}
	at com.nk.pages.SearchResultPage.clickOnEducation(SearchResultPage.java:1568)
	at com.nk.tests.SearchPageTest.verifyRefineByEducation(SearchPageTest.java:74)
... Removed 24 stack frames]]>
    </failure>
  </testcase> <!-- verifyRefineByEducation -->
  <testcase name="verifyRefineByEducationPopUp" time="25.627" classname="com.nk.tests.SearchPageTest">
    <failure type="java.lang.Exception" message="FAILED WHILE CLICKING ON EDUCATION:::
 clickOnEducation()Unable to locate element: {&amp;quot;method&amp;quot;:&amp;quot;xpath&amp;quot;,&amp;quot;selector&amp;quot;:&amp;quot;//h3[contains(.,&amp;apos;Education&amp;apos;)]&amp;quot;}
For documentation on this error, please visit: http://seleniumhq.org/exceptions/no_such_element.html
Build info: version: &amp;apos;2.48.2&amp;apos;, revision: &amp;apos;41bccdd&amp;apos;, time: &amp;apos;2015-10-09 19:59:12&amp;apos;
System info: host: &amp;apos;185-129-69-163&amp;apos;, ip: &amp;apos;185.129.69.163&amp;apos;, os.name: &amp;apos;windows&amp;apos;, os.arch: &amp;apos;x86&amp;apos;, os.version: &amp;apos;6.1&amp;apos;, java.version: &amp;apos;1.8.0_65&amp;apos;
Driver info: driver.version: unknown
Command duration or timeout: 11.28 seconds
For documentation on this error, please visit: http://seleniumhq.org/exceptions/no_such_element.html
Build info: version: &amp;apos;2.48.2&amp;apos;, revision: &amp;apos;41bccdd10cf2c0560f637404c2d96164b67d9d67&amp;apos;, time: &amp;apos;2015-10-09 13:08:06&amp;apos;
System info: host: &amp;apos;salmans&amp;apos;, ip: &amp;apos;172.27.139.176&amp;apos;, os.name: &amp;apos;Windows 8.1&amp;apos;, os.arch: &amp;apos;amd64&amp;apos;, os.version: &amp;apos;6.3&amp;apos;, java.version: &amp;apos;1.8.0_65&amp;apos;
Driver info: org.openqa.selenium.remote.RemoteWebDriver
Capabilities [{applicationCacheEnabled=false, rotatable=false, handlesAlerts=true, databaseEnabled=true, version=44.0, platform=WINDOWS, nativeEvents=false, acceptSslCerts=false, webdriver.remote.sessionid=6707d73c2ade88ed14d82d09c74c9f2dd971b1b8, webStorageEnabled=true, locationContextEnabled=true, browserName=firefox, takesScreenshot=true, javascriptEnabled=true, cssSelectorsEnabled=true}]
Session ID: 6707d73c2ade88ed14d82d09c74c9f2dd971b1b8
*** Element info: {Using=xpath, value=//h3[contains(.,&amp;apos;Education&amp;apos;)]}">
      <![CDATA[java.lang.Exception: FAILED WHILE CLICKING ON EDUCATION:::
 clickOnEducation()Unable to locate element: {"method":"xpath","selector":"//h3[contains(.,'Education')]"}
For documentation on this error, please visit: http://seleniumhq.org/exceptions/no_such_element.html
Build info: version: '2.48.2', revision: '41bccdd', time: '2015-10-09 19:59:12'
System info: host: '185-129-69-163', ip: '185.129.69.163', os.name: 'windows', os.arch: 'x86', os.version: '6.1', java.version: '1.8.0_65'
Driver info: driver.version: unknown
Command duration or timeout: 11.28 seconds
For documentation on this error, please visit: http://seleniumhq.org/exceptions/no_such_element.html
Build info: version: '2.48.2', revision: '41bccdd10cf2c0560f637404c2d96164b67d9d67', time: '2015-10-09 13:08:06'
System info: host: 'salmans', ip: '172.27.139.176', os.name: 'Windows 8.1', os.arch: 'amd64', os.version: '6.3', java.version: '1.8.0_65'
Driver info: org.openqa.selenium.remote.RemoteWebDriver
Capabilities [{applicationCacheEnabled=false, rotatable=false, handlesAlerts=true, databaseEnabled=true, version=44.0, platform=WINDOWS, nativeEvents=false, acceptSslCerts=false, webdriver.remote.sessionid=6707d73c2ade88ed14d82d09c74c9f2dd971b1b8, webStorageEnabled=true, locationContextEnabled=true, browserName=firefox, takesScreenshot=true, javascriptEnabled=true, cssSelectorsEnabled=true}]
Session ID: 6707d73c2ade88ed14d82d09c74c9f2dd971b1b8
*** Element info: {Using=xpath, value=//h3[contains(.,'Education')]}
	at com.nk.pages.SearchResultPage.clickOnEducation(SearchResultPage.java:1568)
	at com.nk.tests.SearchPageTest.verifyRefineByEducationPopUp(SearchPageTest.java:143)
... Removed 24 stack frames]]>
    </failure>
  </testcase> <!-- verifyRefineByEducationPopUp -->
  <testcase name="popUpClose" time="2.223" classname="com.nk.tests.HomePageTest"/>
  <testcase name="clickOnSiteLogoAndCheckThePageTitle" time="10.106" classname="com.nk.tests.HomePageTest"/>
</testsuite> <!-- smoke test -->
