<!DOCTYPE html PUBLIC "-//W3C//DTD XHTML 1.1//EN" "http://www.w3.org/TR/xhtml11/DTD/xhtml11.dtd">
<html xmlns="http://www.w3.org/1999/xhtml"><head><title>TestNG Report</title><style type="text/css">table {margin-bottom:10px;border-collapse:collapse;empty-cells:show}th,td {border:1px solid #009;padding:.25em .5em}th {vertical-align:bottom}td {vertical-align:top}table a {font-weight:bold}.stripe td {background-color: #E6EBF9}.num {text-align:right}.passedodd td {background-color: #3F3}.passedeven td {background-color: #0A0}.skippedodd td {background-color: #DDD}.skippedeven td {background-color: #CCC}.failedodd td,.attn {background-color: #F33}.failedeven td,.stripe .attn {background-color: #D00}.stacktrace {white-space:pre;font-family:monospace}.totop {font-size:85%;text-align:center;border-bottom:2px solid #000}</style></head><body><table><tr><th>Test</th><th># Passed</th><th># Skipped</th><th># Failed</th><th>Time (ms)</th><th>Included Groups</th><th>Excluded Groups</th></tr><tr><th colspan="7">Page Object test example</th></tr><tr><td><a href="#t0">smoke test</a></td><td class="num">24</td><td class="num">0</td><td class="num attn">4</td><td class="num">722,621</td><td></td><td></td></tr></table><table><thead><tr><th>Class</th><th>Method</th><th>Start</th><th>Time (ms)</th></tr></thead><tbody><tr><th colspan="4">Page Object test example</th></tr></tbody><tbody id="t0"><tr><th colspan="4">smoke test &#8212; failed</th></tr><tr class="failedeven"><td rowspan="4">com.nk.tests.SearchPageTest</td><td><a href="#m0">verifyRefineByEducation</a></td><td rowspan="1">1462435667021</td><td rowspan="1">24555</td></tr><tr class="failedeven"><td><a href="#m1">verifyRefineByEducationPopUp</a></td><td rowspan="1">1462435691577</td><td rowspan="1">25627</td></tr><tr class="failedeven"><td><a href="#m2">verifyRefineByIndustryPopUp</a></td><td rowspan="1">1462435655681</td><td rowspan="1">11337</td></tr><tr class="failedeven"><td><a href="#m3">verifyRefineByIndustryType</a></td><td rowspan="1">1462435621375</td><td rowspan="1">34300</td></tr><tr><th colspan="4">smoke test &#8212; passed</th></tr><tr class="passedeven"><td rowspan="2">com.nk.tests.HomePageTest</td><td><a href="#m4">clickOnSiteLogoAndCheckThePageTitle</a></td><td rowspan="1">1462435736236</td><td rowspan="1">10106</td></tr><tr class="passedeven"><td><a href="#m5">popUpClose</a></td><td rowspan="1">1462435734012</td><td rowspan="1">2223</td></tr><tr class="passedodd"><td rowspan="9">com.nk.tests.RegisterPageTest</td><td><a href="#m6">popUpClose</a></td><td rowspan="1">1462435042133</td><td rowspan="1">2212</td></tr><tr class="passedodd"><td><a href="#m7">verifyCompleteMyProfile</a></td><td rowspan="1">1462435216297</td><td rowspan="1">9049</td></tr><tr class="passedodd"><td><a href="#m8">verifyCompleteMyProfilePage</a></td><td rowspan="1">1462435174207</td><td rowspan="1">6845</td></tr><tr class="passedodd"><td><a href="#m9">verifyCreateLoginDetails</a></td><td rowspan="1">1462435059725</td><td rowspan="1">47900</td></tr><tr class="passedodd"><td><a href="#m10">verifyCreateYourJobAlert</a></td><td rowspan="1">1462435225348</td><td rowspan="1">27052</td></tr><tr class="passedodd"><td><a href="#m11">verifyEducationDetails</a></td><td rowspan="1">1462435181054</td><td rowspan="1">35241</td></tr><tr class="passedodd"><td><a href="#m12">verifyRegistrationPage</a></td><td rowspan="1">1462435044348</td><td rowspan="1">15375</td></tr><tr class="passedodd"><td><a href="#m13">verifyYourContactInformation</a></td><td rowspan="1">1462435107631</td><td rowspan="1">19574</td></tr><tr class="passedodd"><td><a href="#m14">verifyYourCurrentEmploymentDetails</a></td><td rowspan="1">1462435127206</td><td rowspan="1">47000</td></tr><tr class="passedeven"><td rowspan="13">com.nk.tests.SearchPageTest</td><td><a href="#m15">popUpClose</a></td><td rowspan="1">1462435269372</td><td rowspan="1">1763</td></tr><tr class="passedeven"><td><a href="#m16">verifyRefineByFreshness</a></td><td rowspan="1">1462435522844</td><td rowspan="1">23811</td></tr><tr class="passedeven"><td><a href="#m17">verifyRefineByLocationPopUp</a></td><td rowspan="1">1462435569526</td><td rowspan="1">51848</td></tr><tr class="passedeven"><td><a href="#m18">verifyRefineResultsSection</a></td><td rowspan="1">1462435345764</td><td rowspan="1">3234</td></tr><tr class="passedeven"><td><a href="#m19">verifySearchByExperienceField</a></td><td rowspan="1">1462435298485</td><td rowspan="1">30959</td></tr><tr class="passedeven"><td><a href="#m20">verifySearchByLocationField</a></td><td rowspan="1">1462435272672</td><td rowspan="1">25812</td></tr><tr class="passedeven"><td><a href="#m21">verifySearchByLocationSection</a></td><td rowspan="1">1462435546657</td><td rowspan="1">22867</td></tr><tr class="passedeven"><td><a href="#m22">verifySearchBySkill</a></td><td rowspan="1">1462435329445</td><td rowspan="1">8463</td></tr><tr class="passedeven"><td><a href="#m23">verifySearchDetailedViewResults</a></td><td rowspan="1">1462435422133</td><td rowspan="1">97421</td></tr><tr class="passedeven"><td><a href="#m24">verifySearchListingViewResults</a></td><td rowspan="1">1462435349000</td><td rowspan="1">73131</td></tr><tr class="passedeven"><td><a href="#m25">verifySearchResultsPage</a></td><td rowspan="1">1462435337910</td><td rowspan="1">7852</td></tr><tr class="passedeven"><td><a href="#m26">verifySearchResultsSection</a></td><td rowspan="1">1462435519556</td><td rowspan="1">3287</td></tr><tr class="passedeven"><td><a href="#m27">verifySearchSection</a></td><td rowspan="1">1462435271137</td><td rowspan="1">1534</td></tr></tbody></table><h2>smoke test</h2><h3 id="m0">com.nk.tests.SearchPageTest#verifyRefineByEducation</h3><table class="result"><tr><th>Messages</th></tr><tr><td><div class="messages">There was an issue in finding the webelement, class org.openqa.selenium.By$ByXPathUnable to locate element: {&quot;method&quot;:&quot;xpath&quot;,&quot;selector&quot;:&quot;//h3[contains(.,&apos;Education&apos;)]&quot;}
For documentation on this error, please visit: http://seleniumhq.org/exceptions/no_such_element.html
Build info: version: &apos;2.48.2&apos;, revision: &apos;41bccdd&apos;, time: &apos;2015-10-09 19:59:12&apos;
System info: host: &apos;185-129-69-163&apos;, ip: &apos;185.129.69.163&apos;, os.name: &apos;windows&apos;, os.arch: &apos;x86&apos;, os.version: &apos;6.1&apos;, java.version: &apos;1.8.0_65&apos;
Driver info: driver.version: unknown
Command duration or timeout: 11.25 seconds
For documentation on this error, please visit: http://seleniumhq.org/exceptions/no_such_element.html
Build info: version: &apos;2.48.2&apos;, revision: &apos;41bccdd10cf2c0560f637404c2d96164b67d9d67&apos;, time: &apos;2015-10-09 13:08:06&apos;
System info: host: &apos;salmans&apos;, ip: &apos;172.27.139.176&apos;, os.name: &apos;Windows 8.1&apos;, os.arch: &apos;amd64&apos;, os.version: &apos;6.3&apos;, java.version: &apos;1.8.0_65&apos;
Driver info: org.openqa.selenium.remote.RemoteWebDriver
Capabilities [{applicationCacheEnabled=false, rotatable=false, handlesAlerts=true, databaseEnabled=true, version=44.0, platform=WINDOWS, nativeEvents=false, acceptSslCerts=false, webdriver.remote.sessionid=6707d73c2ade88ed14d82d09c74c9f2dd971b1b8, webStorageEnabled=true, locationContextEnabled=true, browserName=firefox, takesScreenshot=true, javascriptEnabled=true, cssSelectorsEnabled=true}]
Session ID: 6707d73c2ade88ed14d82d09c74c9f2dd971b1b8
*** Element info: {Using=xpath, value=//h3[contains(.,&apos;Education&apos;)]}</div></td></tr><tr><th>Exception</th></tr><tr><td><div class="stacktrace">java.lang.Exception: FAILED WHILE CLICKING ON EDUCATION:::
 clickOnEducation()Unable to locate element: {&quot;method&quot;:&quot;xpath&quot;,&quot;selector&quot;:&quot;//h3[contains(.,&apos;Education&apos;)]&quot;}
For documentation on this error, please visit: http://seleniumhq.org/exceptions/no_such_element.html
Build info: version: &apos;2.48.2&apos;, revision: &apos;41bccdd&apos;, time: &apos;2015-10-09 19:59:12&apos;
System info: host: &apos;185-129-69-163&apos;, ip: &apos;185.129.69.163&apos;, os.name: &apos;windows&apos;, os.arch: &apos;x86&apos;, os.version: &apos;6.1&apos;, java.version: &apos;1.8.0_65&apos;
Driver info: driver.version: unknown
Command duration or timeout: 11.29 seconds
For documentation on this error, please visit: http://seleniumhq.org/exceptions/no_such_element.html
Build info: version: &apos;2.48.2&apos;, revision: &apos;41bccdd10cf2c0560f637404c2d96164b67d9d67&apos;, time: &apos;2015-10-09 13:08:06&apos;
System info: host: &apos;salmans&apos;, ip: &apos;172.27.139.176&apos;, os.name: &apos;Windows 8.1&apos;, os.arch: &apos;amd64&apos;, os.version: &apos;6.3&apos;, java.version: &apos;1.8.0_65&apos;
Driver info: org.openqa.selenium.remote.RemoteWebDriver
Capabilities [{applicationCacheEnabled=false, rotatable=false, handlesAlerts=true, databaseEnabled=true, version=44.0, platform=WINDOWS, nativeEvents=false, acceptSslCerts=false, webdriver.remote.sessionid=6707d73c2ade88ed14d82d09c74c9f2dd971b1b8, webStorageEnabled=true, locationContextEnabled=true, browserName=firefox, takesScreenshot=true, javascriptEnabled=true, cssSelectorsEnabled=true}]
Session ID: 6707d73c2ade88ed14d82d09c74c9f2dd971b1b8
*** Element info: {Using=xpath, value=//h3[contains(.,&apos;Education&apos;)]}
	at com.nk.pages.SearchResultPage.clickOnEducation(SearchResultPage.java:1568)
	at com.nk.tests.SearchPageTest.verifyRefineByEducation(SearchPageTest.java:74)
... Removed 24 stack frames</div></td></tr></table><p class="totop"><a href="#summary">back to summary</a></p><h3 id="m1">com.nk.tests.SearchPageTest#verifyRefineByEducationPopUp</h3><table class="result"><tr><th>Messages</th></tr><tr><td><div class="messages">There was an issue in finding the webelement, class org.openqa.selenium.By$ByXPathUnable to locate element: {&quot;method&quot;:&quot;xpath&quot;,&quot;selector&quot;:&quot;//h3[contains(.,&apos;Education&apos;)]&quot;}
For documentation on this error, please visit: http://seleniumhq.org/exceptions/no_such_element.html
Build info: version: &apos;2.48.2&apos;, revision: &apos;41bccdd&apos;, time: &apos;2015-10-09 19:59:12&apos;
System info: host: &apos;185-129-69-163&apos;, ip: &apos;185.129.69.163&apos;, os.name: &apos;windows&apos;, os.arch: &apos;x86&apos;, os.version: &apos;6.1&apos;, java.version: &apos;1.8.0_65&apos;
Driver info: driver.version: unknown
Command duration or timeout: 11.34 seconds
For documentation on this error, please visit: http://seleniumhq.org/exceptions/no_such_element.html
Build info: version: &apos;2.48.2&apos;, revision: &apos;41bccdd10cf2c0560f637404c2d96164b67d9d67&apos;, time: &apos;2015-10-09 13:08:06&apos;
System info: host: &apos;salmans&apos;, ip: &apos;172.27.139.176&apos;, os.name: &apos;Windows 8.1&apos;, os.arch: &apos;amd64&apos;, os.version: &apos;6.3&apos;, java.version: &apos;1.8.0_65&apos;
Driver info: org.openqa.selenium.remote.RemoteWebDriver
Capabilities [{applicationCacheEnabled=false, rotatable=false, handlesAlerts=true, databaseEnabled=true, version=44.0, platform=WINDOWS, nativeEvents=false, acceptSslCerts=false, webdriver.remote.sessionid=6707d73c2ade88ed14d82d09c74c9f2dd971b1b8, webStorageEnabled=true, locationContextEnabled=true, browserName=firefox, takesScreenshot=true, javascriptEnabled=true, cssSelectorsEnabled=true}]
Session ID: 6707d73c2ade88ed14d82d09c74c9f2dd971b1b8
*** Element info: {Using=xpath, value=//h3[contains(.,&apos;Education&apos;)]}</div></td></tr><tr><th>Exception</th></tr><tr><td><div class="stacktrace">java.lang.Exception: FAILED WHILE CLICKING ON EDUCATION:::
 clickOnEducation()Unable to locate element: {&quot;method&quot;:&quot;xpath&quot;,&quot;selector&quot;:&quot;//h3[contains(.,&apos;Education&apos;)]&quot;}
For documentation on this error, please visit: http://seleniumhq.org/exceptions/no_such_element.html
Build info: version: &apos;2.48.2&apos;, revision: &apos;41bccdd&apos;, time: &apos;2015-10-09 19:59:12&apos;
System info: host: &apos;185-129-69-163&apos;, ip: &apos;185.129.69.163&apos;, os.name: &apos;windows&apos;, os.arch: &apos;x86&apos;, os.version: &apos;6.1&apos;, java.version: &apos;1.8.0_65&apos;
Driver info: driver.version: unknown
Command duration or timeout: 11.28 seconds
For documentation on this error, please visit: http://seleniumhq.org/exceptions/no_such_element.html
Build info: version: &apos;2.48.2&apos;, revision: &apos;41bccdd10cf2c0560f637404c2d96164b67d9d67&apos;, time: &apos;2015-10-09 13:08:06&apos;
System info: host: &apos;salmans&apos;, ip: &apos;172.27.139.176&apos;, os.name: &apos;Windows 8.1&apos;, os.arch: &apos;amd64&apos;, os.version: &apos;6.3&apos;, java.version: &apos;1.8.0_65&apos;
Driver info: org.openqa.selenium.remote.RemoteWebDriver
Capabilities [{applicationCacheEnabled=false, rotatable=false, handlesAlerts=true, databaseEnabled=true, version=44.0, platform=WINDOWS, nativeEvents=false, acceptSslCerts=false, webdriver.remote.sessionid=6707d73c2ade88ed14d82d09c74c9f2dd971b1b8, webStorageEnabled=true, locationContextEnabled=true, browserName=firefox, takesScreenshot=true, javascriptEnabled=true, cssSelectorsEnabled=true}]
Session ID: 6707d73c2ade88ed14d82d09c74c9f2dd971b1b8
*** Element info: {Using=xpath, value=//h3[contains(.,&apos;Education&apos;)]}
	at com.nk.pages.SearchResultPage.clickOnEducation(SearchResultPage.java:1568)
	at com.nk.tests.SearchPageTest.verifyRefineByEducationPopUp(SearchPageTest.java:143)
... Removed 24 stack frames</div></td></tr></table><p class="totop"><a href="#summary">back to summary</a></p><h3 id="m2">com.nk.tests.SearchPageTest#verifyRefineByIndustryPopUp</h3><table class="result"><tr><th>Exception</th></tr><tr><td><div class="stacktrace">java.lang.AssertionError: Industry Section is not displayed expected [true] but found [false]
	at com.nk.pages.SearchResultPage.verifyIndustrySection(SearchResultPage.java:370)
	at com.nk.pages.SearchResultPage.clickOnIndustry(SearchResultPage.java:1470)
	at com.nk.tests.SearchPageTest.verifyRefineByIndustryPopUp(SearchPageTest.java:112)
... Removed 27 stack frames</div></td></tr></table><p class="totop"><a href="#summary">back to summary</a></p><h3 id="m3">com.nk.tests.SearchPageTest#verifyRefineByIndustryType</h3><table class="result"><tr><th>Exception</th></tr><tr><td><div class="stacktrace">org.openqa.selenium.NoSuchElementException: Unable to locate element: {&quot;method&quot;:&quot;xpath&quot;,&quot;selector&quot;:&quot;//div[@class=&apos;jDisc mt20&apos;]/p[2]//a[1]&quot;}
For documentation on this error, please visit: http://seleniumhq.org/exceptions/no_such_element.html
Build info: version: &apos;2.48.2&apos;, revision: &apos;41bccdd&apos;, time: &apos;2015-10-09 19:59:12&apos;
System info: host: &apos;185-129-69-163&apos;, ip: &apos;185.129.69.163&apos;, os.name: &apos;windows&apos;, os.arch: &apos;x86&apos;, os.version: &apos;6.1&apos;, java.version: &apos;1.8.0_65&apos;
Driver info: driver.version: unknown
Command duration or timeout: 11.35 seconds
For documentation on this error, please visit: http://seleniumhq.org/exceptions/no_such_element.html
Build info: version: &apos;2.48.2&apos;, revision: &apos;41bccdd10cf2c0560f637404c2d96164b67d9d67&apos;, time: &apos;2015-10-09 13:08:06&apos;
System info: host: &apos;salmans&apos;, ip: &apos;172.27.139.176&apos;, os.name: &apos;Windows 8.1&apos;, os.arch: &apos;amd64&apos;, os.version: &apos;6.3&apos;, java.version: &apos;1.8.0_65&apos;
Driver info: org.openqa.selenium.remote.RemoteWebDriver
Capabilities [{applicationCacheEnabled=false, rotatable=false, handlesAlerts=true, databaseEnabled=true, version=44.0, platform=WINDOWS, nativeEvents=false, acceptSslCerts=false, webdriver.remote.sessionid=6707d73c2ade88ed14d82d09c74c9f2dd971b1b8, webStorageEnabled=true, locationContextEnabled=true, browserName=firefox, takesScreenshot=true, javascriptEnabled=true, cssSelectorsEnabled=true}]
Session ID: 6707d73c2ade88ed14d82d09c74c9f2dd971b1b8
*** Element info: {Using=xpath, value=//div[@class=&apos;jDisc mt20&apos;]/p[2]//a[1]}
	at org.openqa.selenium.remote.ErrorHandler.createThrowable(ErrorHandler.java:206)
	at org.openqa.selenium.remote.ErrorHandler.throwIfResponseFailed(ErrorHandler.java:158)
	at org.openqa.selenium.remote.RemoteWebDriver.execute(RemoteWebDriver.java:647)
	at org.openqa.selenium.remote.RemoteWebDriver.findElement(RemoteWebDriver.java:353)
	at org.openqa.selenium.remote.RemoteWebDriver.findElementByXPath(RemoteWebDriver.java:490)
	at org.openqa.selenium.By$ByXPath.findElement(By.java:361)
	at org.openqa.selenium.remote.RemoteWebDriver.findElement(RemoteWebDriver.java:345)
	at com.nk.util.BasePageObject.getText(BasePageObject.java:78)
	at com.nk.pages.JobListingsPage.verifyIndustryType(JobListingsPage.java:90)
	at com.nk.tests.SearchPageTest.verifyRefineByIndustryType(SearchPageTest.java:101)
Caused by: org.openqa.selenium.remote.ScreenshotException: Screen shot has been taken
Build info: version: &apos;2.48.2&apos;, revision: &apos;41bccdd10cf2c0560f637404c2d96164b67d9d67&apos;, time: &apos;2015-10-09 13:08:06&apos;
System info: host: &apos;salmans&apos;, ip: &apos;172.27.139.176&apos;, os.name: &apos;Windows 8.1&apos;, os.arch: &apos;amd64&apos;, os.version: &apos;6.3&apos;, java.version: &apos;1.8.0_65&apos;
Driver info: driver.version: RemoteWebDriver
	at org.openqa.selenium.remote.ErrorHandler.throwIfResponseFailed(ErrorHandler.java:138)
	... 32 more
Caused by: org.openqa.selenium.NoSuchElementException: Unable to locate element: {&quot;method&quot;:&quot;xpath&quot;,&quot;selector&quot;:&quot;//div[@class=&apos;jDisc mt20&apos;]/p[2]//a[1]&quot;}
For documentation on this error, please visit: http://seleniumhq.org/exceptions/no_such_element.html
Build info: version: &apos;2.48.2&apos;, revision: &apos;41bccdd&apos;, time: &apos;2015-10-09 19:59:12&apos;
System info: host: &apos;185-129-69-163&apos;, ip: &apos;185.129.69.163&apos;, os.name: &apos;windows&apos;, os.arch: &apos;x86&apos;, os.version: &apos;6.1&apos;, java.version: &apos;1.8.0_65&apos;
Driver info: driver.version: unknown
For documentation on this error, please visit: http://seleniumhq.org/exceptions/no_such_element.html
Build info: version: &apos;2.48.2&apos;, revision: &apos;41bccdd10cf2c0560f637404c2d96164b67d9d67&apos;, time: &apos;2015-10-09 13:08:06&apos;
System info: host: &apos;salmans&apos;, ip: &apos;172.27.139.176&apos;, os.name: &apos;Windows 8.1&apos;, os.arch: &apos;amd64&apos;, os.version: &apos;6.3&apos;, java.version: &apos;1.8.0_65&apos;
Driver info: driver.version: unknown
	at &lt;anonymous class&gt;.FirefoxDriver.prototype.findElementInternal_(file:///C:/Windows/proxy/anonymous4723888856888030983webdriver-profile/extensions/fxdriver@googlecode.com/components/driver-component.js:10659)
	at &lt;anonymous class&gt;.fxdriver.Timer.prototype.setTimeout/&lt;.notify(file:///C:/Windows/proxy/anonymous4723888856888030983webdriver-profile/extensions/fxdriver@googlecode.com/components/driver-component.js:621)
... Removed 28 stack frames</div></td></tr></table><p class="totop"><a href="#summary">back to summary</a></p><h3 id="m4">com.nk.tests.HomePageTest#clickOnSiteLogoAndCheckThePageTitle</h3><table class="result"></table><p class="totop"><a href="#summary">back to summary</a></p><h3 id="m5">com.nk.tests.HomePageTest#popUpClose</h3><table class="result"></table><p class="totop"><a href="#summary">back to summary</a></p><h3 id="m6">com.nk.tests.RegisterPageTest#popUpClose</h3><table class="result"></table><p class="totop"><a href="#summary">back to summary</a></p><h3 id="m7">com.nk.tests.RegisterPageTest#verifyCompleteMyProfile</h3><table class="result"></table><p class="totop"><a href="#summary">back to summary</a></p><h3 id="m8">com.nk.tests.RegisterPageTest#verifyCompleteMyProfilePage</h3><table class="result"></table><p class="totop"><a href="#summary">back to summary</a></p><h3 id="m9">com.nk.tests.RegisterPageTest#verifyCreateLoginDetails</h3><table class="result"></table><p class="totop"><a href="#summary">back to summary</a></p><h3 id="m10">com.nk.tests.RegisterPageTest#verifyCreateYourJobAlert</h3><table class="result"></table><p class="totop"><a href="#summary">back to summary</a></p><h3 id="m11">com.nk.tests.RegisterPageTest#verifyEducationDetails</h3><table class="result"></table><p class="totop"><a href="#summary">back to summary</a></p><h3 id="m12">com.nk.tests.RegisterPageTest#verifyRegistrationPage</h3><table class="result"></table><p class="totop"><a href="#summary">back to summary</a></p><h3 id="m13">com.nk.tests.RegisterPageTest#verifyYourContactInformation</h3><table class="result"></table><p class="totop"><a href="#summary">back to summary</a></p><h3 id="m14">com.nk.tests.RegisterPageTest#verifyYourCurrentEmploymentDetails</h3><table class="result"></table><p class="totop"><a href="#summary">back to summary</a></p><h3 id="m15">com.nk.tests.SearchPageTest#popUpClose</h3><table class="result"></table><p class="totop"><a href="#summary">back to summary</a></p><h3 id="m16">com.nk.tests.SearchPageTest#verifyRefineByFreshness</h3><table class="result"></table><p class="totop"><a href="#summary">back to summary</a></p><h3 id="m17">com.nk.tests.SearchPageTest#verifyRefineByLocationPopUp</h3><table class="result"></table><p class="totop"><a href="#summary">back to summary</a></p><h3 id="m18">com.nk.tests.SearchPageTest#verifyRefineResultsSection</h3><table class="result"></table><p class="totop"><a href="#summary">back to summary</a></p><h3 id="m19">com.nk.tests.SearchPageTest#verifySearchByExperienceField</h3><table class="result"></table><p class="totop"><a href="#summary">back to summary</a></p><h3 id="m20">com.nk.tests.SearchPageTest#verifySearchByLocationField</h3><table class="result"></table><p class="totop"><a href="#summary">back to summary</a></p><h3 id="m21">com.nk.tests.SearchPageTest#verifySearchByLocationSection</h3><table class="result"></table><p class="totop"><a href="#summary">back to summary</a></p><h3 id="m22">com.nk.tests.SearchPageTest#verifySearchBySkill</h3><table class="result"></table><p class="totop"><a href="#summary">back to summary</a></p><h3 id="m23">com.nk.tests.SearchPageTest#verifySearchDetailedViewResults</h3><table class="result"></table><p class="totop"><a href="#summary">back to summary</a></p><h3 id="m24">com.nk.tests.SearchPageTest#verifySearchListingViewResults</h3><table class="result"></table><p class="totop"><a href="#summary">back to summary</a></p><h3 id="m25">com.nk.tests.SearchPageTest#verifySearchResultsPage</h3><table class="result"></table><p class="totop"><a href="#summary">back to summary</a></p><h3 id="m26">com.nk.tests.SearchPageTest#verifySearchResultsSection</h3><table class="result"></table><p class="totop"><a href="#summary">back to summary</a></p><h3 id="m27">com.nk.tests.SearchPageTest#verifySearchSection</h3><table class="result"></table><p class="totop"><a href="#summary">back to summary</a></p></body></html>